{"@t":"2026-07-20T16:17:21.8240863Z","@mt":"Seq {SeqVersion} running on OS {OSCaption}","SeqVersion":"2025.2.16202","OSCaption":"Ubuntu 22.04.5 LTS","SourceContext":"Seq.Diagnostics.Logging.EnvironmentInformationWriter"}
{"@t":"2026-07-20T16:17:22.4581517Z","@mt":"Seq listening on {ListenUris}","ListenUris":["http://localhost/","https://localhost/","http://localhost:5341/","https://localhost:45341/"]}
{"@t":"2026-07-20T16:17:22.4759506Z","@mt":"Opening event store at {StreamPath}","StreamPath":"/data/Stream/stream.flare","SourceContext":"Seq.Engine.Cluster.NativeStorage"}
{"@t":"2026-07-20T16:17:22.5860179Z","@mt":"Opening metastore {MetastorePath}","MetastorePath":"/data/Documents/metastore.flare","SourceContext":"Seq.Metastore.Native.NativeDocumentStore"}
{"@t":"2026-07-20T16:17:22.6735986Z","@mt":"Initializing a new metastore","SourceContext":"Seq.Metastore.Native.NativeDocumentStore"}
{"@t":"2026-07-20T16:17:22.7475600Z","@mt":"Enabling username/password authentication, and using the supplied default admin password"}
{"@t":"2026-07-20T16:17:23.4423654Z","@mt":"Creating default workspace for {UserId}","UserId":"user-admin"}
{"@t":"2026-07-20T16:17:23.5996747Z","@mt":"Storage subsystem available"}
{"@t":"2026-07-20T16:17:23.6038589Z","@mt":"Storing new key {FriendlyName}","FriendlyName":"key-e9c99112-fade-409f-afde-bd47a65ca729"}
{"@t":"2026-07-20T16:17:23.6089629Z","@mt":"Loaded key {XmlKeyId} with friendly name {FriendlyName}","XmlKeyId":"xmlkey-18","FriendlyName":"key-e9c99112-fade-409f-afde-bd47a65ca729"}
{"@t":"2026-07-20T16:17:23.6158890Z","@mt":"Ingestion enabled","SourceContext":"Seq.Engine.Cluster.NativeStorage"}
{"@t":"2026-07-20T16:17:24.3601806Z","@sp":"769a896b246112f0","@tr":"088397887f17cf5bd28986e2bb204310","@mt":"HTTP {RequestMethod} {RequestPath}","RequestMethod":"GET","RequestPath":"/api/users/","StatusCode":401,"ErrorResponse":"Please log in.","@st":"2026-07-20T16:17:24.3239909Z","@sk":"Server","SourceContext":"SerilogTracing.Instrumentation.AspNetCore","RequestId":"0HNN6F9GSORPS:00000001","ConnectionId":"0HNN6F9GSORPS"}
{"@t":"2026-07-20T16:17:24.3602002Z","@sp":"f64a602cb4d3f895","@tr":"522b28fa9506450bc60865f3582e2a2a","@mt":"HTTP {RequestMethod} {RequestPath}","RequestMethod":"GET","RequestPath":"/api/apps","StatusCode":401,"ErrorResponse":"Please log in.","@st":"2026-07-20T16:17:24.3238108Z","@sk":"Server","SourceContext":"SerilogTracing.Instrumentation.AspNetCore","RequestId":"0HNN6F9GSORPT:00000001","ConnectionId":"0HNN6F9GSORPT"}
{"@t":"2026-07-20T16:17:24.3601559Z","@sp":"4bb894f553278b0b","@tr":"b2affed0cdc4913dd8d9b7cb978898ba","@mt":"HTTP {RequestMethod} {RequestPath}","RequestMethod":"GET","RequestPath":"/api/appinstances","StatusCode":401,"ErrorResponse":"Please log in.","@st":"2026-07-20T16:17:24.3241521Z","@sk":"Server","SourceContext":"SerilogTracing.Instrumentation.AspNetCore","RequestId":"0HNN6F9GSORPU:00000001","ConnectionId":"0HNN6F9GSORPU"}
{"@t":"2026-07-20T16:17:24.3601288Z","@sp":"b2fce7eb71abc796","@tr":"aa81c182672f1bca3854750fc113360c","@mt":"HTTP {RequestMethod} {RequestPath}","RequestMethod":"GET","RequestPath":"/api/diagnostics/metrics","StatusCode":401,"ErrorResponse":"Please log in.","@st":"2026-07-20T16:17:24.3241445Z","@sk":"Server","SourceContext":"SerilogTracing.Instrumentation.AspNetCore","RequestId":"0HNN6F9GSORPP:00000001","ConnectionId":"0HNN6F9GSORPP"}
{"@t":"2026-07-20T16:17:24.3600698Z","@sp":"c6b59a2ec987fe0e","@tr":"85d897e3f1616202cf2926e69df09266","@mt":"HTTP {RequestMethod} {RequestPath}","RequestMethod":"GET","RequestPath":"/api/apikeys","StatusCode":401,"ErrorResponse":"Please log in.","@st":"2026-07-20T16:17:24.3238997Z","@sk":"Server","SourceContext":"SerilogTracing.Instrumentation.AspNetCore","RequestId":"0HNN6F9GSORPR:00000001","ConnectionId":"0HNN6F9GSORPR"}
{"@t":"2026-07-20T16:17:24.3609142Z","@sp":"1c086cac2c838606","@tr":"b74355cbf2401821eb79b5a25f5c7362","@mt":"HTTP {RequestMethod} {RequestPath}","RequestMethod":"GET","RequestPath":"/api/diagnostics/metrics/input.invalidpayloads","StatusCode":401,"ErrorResponse":"Please log in.","@st":"2026-07-20T16:17:24.3240679Z","@sk":"Server","SourceContext":"SerilogTracing.Instrumentation.AspNetCore","RequestId":"0HNN6F9GSORPQ:00000001","ConnectionId":"0HNN6F9GSORPQ"}
{"@t":"2026-07-20T16:18:23.7841146Z","@sp":"ebe120152dd26669","@tr":"2fe5969f2b9c3d5f5e640f27ad0ec89d","@mt":"Creating {IndexCount} missing index definitions","IndexCount":7,"SourceContext":"Seq.Engine.Queries.DataStore"}
{"@t":"2026-07-20T16:18:23.8313000Z","@sp":"ebe120152dd26669","@tr":"2fe5969f2b9c3d5f5e640f27ad0ec89d","@mt":"Wrote {IndexSetCount} index sets","IndexSetCount":0,"SourceContext":"Seq.Server.Features.Indexing.EventStoreIndexer"}
{"@t":"2026-07-20T16:18:23.8327328Z","@sp":"ebe120152dd26669","@tr":"2fe5969f2b9c3d5f5e640f27ad0ec89d","@mt":"Indexing with {Allocated:0.000} ms allowance","@r":["600000.000"],"Allocated":600000,"@st":"2026-07-20T16:18:23.7000161Z","SourceContext":"Seq.Server.Features.Indexing.EventStoreIndexer"}
{"@t":"2026-07-20T16:19:12.0373510Z","@sp":"dc74fde9961e2a01","@tr":"ff0dda94e1cbf0fab5ff75ffb3800a97","@mt":"Authentication failed for {Username} with error {Error}","@l":"Warning","@x":"Seq.Server.Web.BadRequestException: Invalid username or password.\n   at Seq.Server.Features.Users.Local.UsernamePasswordLocalUserAuthenticator.Authenticate(IAuditLog auditLog, ISeqPrincipal requestingPrincipal, DocumentSession session, String username, String password, UserAllocator allocator)\n   at Seq.Server.Features.Users.LocalUserAuthenticator.Authenticate(IAuditLog auditLog, ISeqPrincipal requestingPrincipal, DocumentSession session, String username, String password, UserAllocator allocator)","Username":"admin","Error":"Invalid username or password.","Principal":{"Id":"principal-public","OnBehalfOfUserId":null},"ActionId":"2bf2aaf9-6050-4ccf-b7a8-333378b77922","ActionName":"Seq.Server.Web.Api.UsersController.Login (Seq)","RequestId":"0HNN6F9GSORPS:00000002","RequestPath":"/api/users/login","ConnectionId":"0HNN6F9GSORPS"}
{"@t":"2026-07-20T16:19:12.0500937Z","@sp":"dc74fde9961e2a01","@tr":"ff0dda94e1cbf0fab5ff75ffb3800a97","@mt":"HTTP {RequestMethod} {RequestPath}","RequestMethod":"POST","RequestPath":"/api/users/login","StatusCode":400,"ErrorResponse":"Invalid username or password.","@st":"2026-07-20T16:19:11.3346771Z","@sk":"Server","SourceContext":"SerilogTracing.Instrumentation.AspNetCore","RequestId":"0HNN6F9GSORPS:00000002","ConnectionId":"0HNN6F9GSORPS"}
{"@t":"2026-07-20T16:19:16.2696402Z","@sp":"d8ab4030478f26ae","@tr":"5a69567eb6ac94c4d651f52215a5371c","@mt":"User {Username} logged in successfully","Username":"admin","Principal":{"Id":"principal-public","OnBehalfOfUserId":null},"ActionId":"2bf2aaf9-6050-4ccf-b7a8-333378b77922","ActionName":"Seq.Server.Web.Api.UsersController.Login (Seq)","RequestId":"0HNN6F9GSORPS:00000003","RequestPath":"/api/users/login","ConnectionId":"0HNN6F9GSORPS"}
{"@t":"2026-07-20T16:19:16.2732261Z","@sp":"d8ab4030478f26ae","@tr":"5a69567eb6ac94c4d651f52215a5371c","@mt":"HTTP {RequestMethod} {RequestPath}","RequestMethod":"POST","RequestPath":"/api/users/login","StatusCode":401,"@st":"2026-07-20T16:19:15.0162321Z","@sk":"Server","SourceContext":"SerilogTracing.Instrumentation.AspNetCore","RequestId":"0HNN6F9GSORPS:00000003","ConnectionId":"0HNN6F9GSORPS"}
{"@t":"2026-07-20T16:19:23.7169898Z","@sp":"4b4abfb1310d9c5f","@tr":"456ba782f665ca2226d5f906cf29cf1b","@mt":"Wrote {IndexSetCount} index sets","IndexSetCount":0,"SourceContext":"Seq.Server.Features.Indexing.EventStoreIndexer"}
{"@t":"2026-07-20T16:19:23.7178876Z","@sp":"4b4abfb1310d9c5f","@tr":"456ba782f665ca2226d5f906cf29cf1b","@mt":"Indexing with {Allocated:0.000} ms allowance","@r":["600000.000"],"Allocated":600000,"@st":"2026-07-20T16:19:23.7000469Z","SourceContext":"Seq.Server.Features.Indexing.EventStoreIndexer"}
{"@t":"2026-07-20T16:19:24.3136824Z","@sp":"88efbb694272fa18","@tr":"da961512b8eda72ce6551ad44f53ed94","@mt":"User {Username} logged in successfully","Username":"admin","Principal":{"Id":"principal-public","OnBehalfOfUserId":null},"ActionId":"2bf2aaf9-6050-4ccf-b7a8-333378b77922","ActionName":"Seq.Server.Web.Api.UsersController.Login (Seq)","RequestId":"0HNN6F9GSORPS:00000004","RequestPath":"/api/users/login","ConnectionId":"0HNN6F9GSORPS"}
{"@t":"2026-07-20T16:19:24.3171801Z","@sp":"88efbb694272fa18","@tr":"da961512b8eda72ce6551ad44f53ed94","@mt":"HTTP {RequestMethod} {RequestPath}","RequestMethod":"POST","RequestPath":"/api/users/login","StatusCode":400,"@st":"2026-07-20T16:19:23.5580766Z","@sk":"Server","SourceContext":"SerilogTracing.Instrumentation.AspNetCore","RequestId":"0HNN6F9GSORPS:00000004","ConnectionId":"0HNN6F9GSORPS"}
{"@t":"2026-07-20T16:19:37.5526523Z","@sp":"896dde82e13ed7ab","@tr":"6c41537bba0421c115a6702d4e93e654","@mt":"User {Username} logged in successfully","Username":"admin","Principal":{"Id":"principal-public","OnBehalfOfUserId":null},"ActionId":"2bf2aaf9-6050-4ccf-b7a8-333378b77922","ActionName":"Seq.Server.Web.Api.UsersController.Login (Seq)","RequestId":"0HNN6F9GSORPS:00000005","RequestPath":"/api/users/login","ConnectionId":"0HNN6F9GSORPS"}
{"@t":"2026-07-20T16:19:38.0333361Z","@sp":"896dde82e13ed7ab","@tr":"6c41537bba0421c115a6702d4e93e654","@mt":"Setting password for {UserId}","UserId":"user-admin","Principal":{"Id":"principal-public","OnBehalfOfUserId":null},"ActionId":"2bf2aaf9-6050-4ccf-b7a8-333378b77922","ActionName":"Seq.Server.Web.Api.UsersController.Login (Seq)","RequestId":"0HNN6F9GSORPS:00000005","RequestPath":"/api/users/login","ConnectionId":"0HNN6F9GSORPS"}
{"@t":"2026-07-20T16:19:38.0374300Z","@sp":"896dde82e13ed7ab","@tr":"6c41537bba0421c115a6702d4e93e654","@mt":"Updating active alerts for owner {UserId}","UserId":"user-admin","SourceContext":"Seq.Server.Features.Alerting.AlertProcessor","Principal":{"Id":"principal-public","OnBehalfOfUserId":null},"ActionId":"2bf2aaf9-6050-4ccf-b7a8-333378b77922","ActionName":"Seq.Server.Web.Api.UsersController.Login (Seq)","RequestId":"0HNN6F9GSORPS:00000005","RequestPath":"/api/users/login","ConnectionId":"0HNN6F9GSORPS"}
{"@t":"2026-07-20T16:19:38.0502979Z","@sp":"896dde82e13ed7ab","@tr":"6c41537bba0421c115a6702d4e93e654","@mt":"Logged in a {UserId} session","UserId":"user-admin","SourceContext":"Seq.Server.Web.Api.UsersController","Principal":{"Id":"principal-public","OnBehalfOfUserId":null},"ActionId":"2bf2aaf9-6050-4ccf-b7a8-333378b77922","ActionName":"Seq.Server.Web.Api.UsersController.Login (Seq)","RequestId":"0HNN6F9GSORPS:00000005","RequestPath":"/api/users/login","ConnectionId":"0HNN6F9GSORPS"}
{"@t":"2026-07-20T16:20:05.7518525Z","@sp":"455982ca24475de3","@tr":"f040904d50fe6032c1e03909820a4ee1","@mt":"HTTP {RequestMethod} {RequestPath}","RequestMethod":"POST","RequestPath":"/api/apikeys","StatusCode":201,"@st":"2026-07-20T16:20:05.2700921Z","@sk":"Server","SourceContext":"SerilogTracing.Instrumentation.AspNetCore","RequestId":"0HNN6F9GSORPV:0000000B","ConnectionId":"0HNN6F9GSORPV"}
{"@t":"2026-07-20T16:20:23.7162977Z","@sp":"8aaf7705f138d28a","@tr":"4d73b37c29a3435c60128bebc6a055f2","@mt":"Wrote {IndexSetCount} index sets","IndexSetCount":0,"SourceContext":"Seq.Server.Features.Indexing.EventStoreIndexer"}
{"@t":"2026-07-20T16:20:23.7170798Z","@sp":"8aaf7705f138d28a","@tr":"4d73b37c29a3435c60128bebc6a055f2","@mt":"Indexing with {Allocated:0.000} ms allowance","@r":["600000.000"],"Allocated":600000,"@st":"2026-07-20T16:20:23.7004108Z","SourceContext":"Seq.Server.Features.Indexing.EventStoreIndexer"}
{"@t":"2026-07-20T16:21:23.7145581Z","@sp":"7aa4b1129131337e","@tr":"194b7cedd7ed41de0e7053970b58c096","@mt":"Wrote {IndexSetCount} index sets","IndexSetCount":0,"SourceContext":"Seq.Server.Features.Indexing.EventStoreIndexer"}
{"@t":"2026-07-20T16:21:23.7161666Z","@sp":"7aa4b1129131337e","@tr":"194b7cedd7ed41de0e7053970b58c096","@mt":"Indexing with {Allocated:0.000} ms allowance","@r":["600000.000"],"Allocated":600000,"@st":"2026-07-20T16:21:23.7025619Z","SourceContext":"Seq.Server.Features.Indexing.EventStoreIndexer"}
{"@t":"2026-07-20T16:21:53.9166348Z","@sp":"7fd02c1faabe1201","@tr":"8b19090c178fdf0af694dac068767bfb","@mt":"Updating active alerts for owner {UserId}","UserId":"user-admin","SourceContext":"Seq.Server.Features.Alerting.AlertProcessor","Principal":{"Id":"user-admin","OnBehalfOfUserId":"user-admin"},"ActionId":"51af7f04-ddcf-476e-abdf-02e405ed36b6","ActionName":"Seq.Server.Web.Api.UsersController.Update (Seq)","RequestId":"0HNN6F9GSORPV:00000032","RequestPath":"/api/users/user-admin","ConnectionId":"0HNN6F9GSORPV"}
{"@t":"2026-07-20T16:22:16.7082941Z","@mt":"Termination signal received"}
{"@t":"2026-07-20T16:22:16.7115661Z","@mt":"Stopping {Tasks} scheduled leader tasks","Tasks":18,"SourceContext":"Seq.Server.Tasks.TaskRunner"}
{"@t":"2026-07-20T16:22:16.7149021Z","@mt":"Stopping input channel","SourceContext":"Seq.Server.Features.Apps.Inputs.InputChannel"}
{"@t":"2026-07-20T16:22:16.9867287Z","@mt":"Shutting down input channel; {AcceptedCount} queued events will be written","AcceptedCount":0,"SourceContext":"Seq.Server.Features.Apps.Inputs.InputChannel"}
{"@t":"2026-07-20T16:22:16.9892764Z","@mt":"Stopping broadcast channel","SourceContext":"Seq.Engine.Broadcast.BroadcastChannel"}
{"@t":"2026-07-20T16:27:20.4583730Z","@mt":"Seq {SeqVersion} running on OS {OSCaption}","SeqVersion":"2025.2.16202","OSCaption":"Ubuntu 22.04.5 LTS","SourceContext":"Seq.Diagnostics.Logging.EnvironmentInformationWriter"}
{"@t":"2026-07-20T16:27:21.0092349Z","@mt":"Seq listening on {ListenUris}","ListenUris":["http://localhost/","https://localhost/","http://localhost:5341/","https://localhost:45341/"]}
{"@t":"2026-07-20T16:27:21.0223015Z","@mt":"Opening event store at {StreamPath}","StreamPath":"/data/Stream/stream.flare","SourceContext":"Seq.Engine.Cluster.NativeStorage"}
{"@t":"2026-07-20T16:27:21.1375126Z","@mt":"Opening metastore {MetastorePath}","MetastorePath":"/data/Documents/metastore.flare","SourceContext":"Seq.Metastore.Native.NativeDocumentStore"}
{"@t":"2026-07-20T16:27:21.2547131Z","@mt":"Storage subsystem available"}
{"@t":"2026-07-20T16:27:21.2606639Z","@mt":"Loaded key {XmlKeyId} with friendly name {FriendlyName}","XmlKeyId":"xmlkey-18","FriendlyName":"key-e9c99112-fade-409f-afde-bd47a65ca729"}
{"@t":"2026-07-20T16:27:21.2830187Z","@mt":"Ingestion enabled","SourceContext":"Seq.Engine.Cluster.NativeStorage"}
{"@t":"2026-07-20T16:28:21.4065743Z","@sp":"05d787b8fdabeaf3","@tr":"e43b6e162b7ccd836557d28ce69a6ff6","@mt":"Wrote {IndexSetCount} index sets","IndexSetCount":0,"SourceContext":"Seq.Server.Features.Indexing.EventStoreIndexer"}
{"@t":"2026-07-20T16:28:21.4081610Z","@sp":"05d787b8fdabeaf3","@tr":"e43b6e162b7ccd836557d28ce69a6ff6","@mt":"Indexing with {Allocated:0.000} ms allowance","@r":["600000.000"],"Allocated":600000,"@st":"2026-07-20T16:28:21.3191486Z","SourceContext":"Seq.Server.Features.Indexing.EventStoreIndexer"}
{"@t":"2026-07-20T16:28:29.0532415Z","@sp":"4bdbaba46ed11300","@tr":"c1620d0966d2643c779f9763c30fb021","@mt":"HTTP {RequestMethod} {RequestPath} responded {StatusCode} in {Elapsed:0.0000} ms","@r":["69.5360"],"@l":"Error","@x":"System.Net.WebSockets.WebSocketException (0x80004005): The remote party closed the WebSocket connection without completing the close handshake.\n   at System.Net.WebSockets.ManagedWebSocket.ThrowEOFUnexpected()\n   at System.Net.WebSockets.ManagedWebSocket.EnsureBufferContainsAsync(Int32 minimumRequiredBytes, CancellationToken cancellationToken)\n   at System.Runtime.CompilerServices.PoolingAsyncValueTaskMethodBuilder`1.StateMachineBox`1.System.Threading.Tasks.Sources.IValueTaskSource.GetResult(Int16 token)\n   at System.Net.WebSockets.ManagedWebSocket.ReceiveAsyncPrivate[TResult](Memory`1 payloadBuffer, CancellationToken cancellationToken)\n   at System.Runtime.CompilerServices.PoolingAsyncValueTaskMethodBuilder`1.StateMachineBox`1.System.Threading.Tasks.Sources.IValueTaskSource<TResult>.GetResult(Int16 token)\n   at System.Net.WebSockets.ManagedWebSocket.CloseAsyncPrivate(WebSocketCloseStatus closeStatus, String statusDescription, CancellationToken cancellationToken)\n   at Seq.Server.Web.Sockets.WebSocketHandler.AcceptWebSocket(HttpContext ctx, Func`3 handler)\n   at Seq.Server.Web.Api.EventsController.ScanGet()\n   at Microsoft.AspNetCore.Mvc.Infrastructure.ActionMethodExecutor.TaskResultExecutor.Execute(ActionContext actionContext, IActionResultTypeMapper mapper, ObjectMethodExecutor executor, Object controller, Object[] arguments)\n   at Microsoft.AspNetCore.Mvc.Infrastructure.ControllerActionInvoker.<InvokeActionMethodAsync>g__Logged|12_1(ControllerActionInvoker invoker)\n   at Microsoft.AspNetCore.Mvc.Infrastructure.ControllerActionInvoker.<InvokeNextActionFilterAsync>g__Awaited|10_0(ControllerActionInvoker invoker, Task lastTask, State next, Scope scope, Object state, Boolean isCompleted)\n   at Microsoft.AspNetCore.Mvc.Infrastructure.ControllerActionInvoker.Rethrow(ActionExecutedContextSealed context)\n   at Microsoft.AspNetCore.Mvc.Infrastructure.ControllerActionInvoker.Next(State& next, Scope& scope, Object& state, Boolean& isCompleted)\n   at Microsoft.AspNetCore.Mvc.Infrastructure.ControllerActionInvoker.<InvokeInnerFilterAsync>g__Awaited|13_0(ControllerActionInvoker invoker, Task lastTask, State next, Scope scope, Object state, Boolean isCompleted)\n   at Microsoft.AspNetCore.Mvc.Infrastructure.ResourceInvoker.<InvokeNextResourceFilter>g__Awaited|25_0(ResourceInvoker invoker, Task lastTask, State next, Scope scope, Object state, Boolean isCompleted)\n   at Microsoft.AspNetCore.Mvc.Infrastructure.ResourceInvoker.Rethrow(ResourceExecutedContextSealed context)\n   at Microsoft.AspNetCore.Mvc.Infrastructure.ResourceInvoker.Next(State& next, Scope& scope, Object& state, Boolean& isCompleted)\n   at Microsoft.AspNetCore.Mvc.Infrastructure.ResourceInvoker.<InvokeFilterPipelineAsync>g__Awaited|20_0(ResourceInvoker invoker, Task lastTask, State next, Scope scope, Object state, Boolean isCompleted)\n   at Microsoft.AspNetCore.Mvc.Infrastructure.ResourceInvoker.<InvokeAsync>g__Logged|17_1(ResourceInvoker invoker)\n   at Microsoft.AspNetCore.Mvc.Infrastructure.ResourceInvoker.<InvokeAsync>g__Logged|17_1(ResourceInvoker invoker)\n   at Microsoft.AspNetCore.RateLimiting.RateLimitingMiddleware.InvokeInternal(HttpContext context, EnableRateLimitingAttribute enableRateLimitingAttribute)\n   at Seq.Server.Web.Middleware.RequestAuthenticationMiddleware.Invoke(HttpContext httpContext)\n   at Microsoft.AspNetCore.Authentication.AuthenticationMiddleware.Invoke(HttpContext context)\n   at Seq.Server.Web.Middleware.ServerStatusMiddleware.Invoke(HttpContext context)\n   at Seq.Server.Web.Middleware.UniversalHeadersMiddleware.Invoke(HttpContext context)\n   at Seq.Server.Web.Middleware.UnhandledExceptionLoggingMiddleware.Invoke(HttpContext httpContext)","RequestMethod":"GET","RequestPath":"/api/events/scan","StatusCode":500,"Elapsed":69.536,"ErrorToken":"fe0944b52192472fbeaa535ba68eed1c","RequestProtocol":"HTTP/1.1","RequestHost":"localhost:8081","RequestHeaders":{"User-Agent":"Mozilla/5.0 (Windows NT 10.0; Win64; x64) AppleWebKit/537.36 (KHTML, like Gecko) Chrome/150.0.0.0 Safari/537.36 Edg/150.0.0.0"},"SourceContext":"Seq.Server.Web.Middleware.UnhandledExceptionLoggingMiddleware","RequestId":"0HNN6FFCK0LJA:00000001","ConnectionId":"0HNN6FFCK0LJA"}
{"@t":"2026-07-20T16:29:21.3294647Z","@sp":"f44cf6d3d4bab9f7","@tr":"f0db2fca2020af37bae8ac732c96d1cf","@mt":"Wrote {IndexSetCount} index sets","IndexSetCount":0,"SourceContext":"Seq.Server.Features.Indexing.EventStoreIndexer"}
{"@t":"2026-07-20T16:29:21.3302786Z","@sp":"f44cf6d3d4bab9f7","@tr":"f0db2fca2020af37bae8ac732c96d1cf","@mt":"Indexing with {Allocated:0.000} ms allowance","@r":["600000.000"],"Allocated":600000,"@st":"2026-07-20T16:29:21.3167630Z","SourceContext":"Seq.Server.Features.Indexing.EventStoreIndexer"}
{"@t":"2026-07-20T16:30:21.3303333Z","@sp":"9be84494eff268ca","@tr":"58aacd957c194bc8fb382c8fb43b36ac","@mt":"Wrote {IndexSetCount} index sets","IndexSetCount":0,"SourceContext":"Seq.Server.Features.Indexing.EventStoreIndexer"}
{"@t":"2026-07-20T16:30:21.3317780Z","@sp":"9be84494eff268ca","@tr":"58aacd957c194bc8fb382c8fb43b36ac","@mt":"Indexing with {Allocated:0.000} ms allowance","@r":["600000.000"],"Allocated":600000,"@st":"2026-07-20T16:30:21.3171784Z","SourceContext":"Seq.Server.Features.Indexing.EventStoreIndexer"}
{"@t":"2026-07-20T16:31:21.3323402Z","@sp":"6702eac1d235d713","@tr":"0ef272d7e665aaecb1fb01052b045448","@mt":"Wrote {IndexSetCount} index sets","IndexSetCount":0,"SourceContext":"Seq.Server.Features.Indexing.EventStoreIndexer"}
{"@t":"2026-07-20T16:31:21.3336970Z","@sp":"6702eac1d235d713","@tr":"0ef272d7e665aaecb1fb01052b045448","@mt":"Indexing with {Allocated:0.000} ms allowance","@r":["600000.000"],"Allocated":600000,"@st":"2026-07-20T16:31:21.3199124Z","SourceContext":"Seq.Server.Features.Indexing.EventStoreIndexer"}
{"@t":"2026-07-20T16:32:21.3322785Z","@sp":"cc18661fdb9d1b2f","@tr":"5e416ef1eeb6c3ce2c66ffe8bfc2495e","@mt":"Wrote {IndexSetCount} index sets","IndexSetCount":0,"SourceContext":"Seq.Server.Features.Indexing.EventStoreIndexer"}
{"@t":"2026-07-20T16:32:21.3334637Z","@sp":"cc18661fdb9d1b2f","@tr":"5e416ef1eeb6c3ce2c66ffe8bfc2495e","@mt":"Indexing with {Allocated:0.000} ms allowance","@r":["600000.000"],"Allocated":600000,"@st":"2026-07-20T16:32:21.3209032Z","SourceContext":"Seq.Server.Features.Indexing.EventStoreIndexer"}
{"@t":"2026-07-20T16:33:21.3366870Z","@sp":"e4e4a68bcf8e7c66","@tr":"6294421eb005c908648af8ba2b4128ed","@mt":"Wrote {IndexSetCount} index sets","IndexSetCount":0,"SourceContext":"Seq.Server.Features.Indexing.EventStoreIndexer"}
{"@t":"2026-07-20T16:33:21.3375040Z","@sp":"e4e4a68bcf8e7c66","@tr":"6294421eb005c908648af8ba2b4128ed","@mt":"Indexing with {Allocated:0.000} ms allowance","@r":["600000.000"],"Allocated":600000,"@st":"2026-07-20T16:33:21.3218356Z","SourceContext":"Seq.Server.Features.Indexing.EventStoreIndexer"}
{"@t":"2026-07-20T16:34:21.3533308Z","@sp":"856c5af7bf2e2f2e","@tr":"78115dc05b87f569f7a95a3764b3db04","@mt":"Wrote {IndexSetCount} index sets","IndexSetCount":0,"SourceContext":"Seq.Server.Features.Indexing.EventStoreIndexer"}
{"@t":"2026-07-20T16:34:21.3547875Z","@sp":"856c5af7bf2e2f2e","@tr":"78115dc05b87f569f7a95a3764b3db04","@mt":"Indexing with {Allocated:0.000} ms allowance","@r":["600000.000"],"Allocated":600000,"@st":"2026-07-20T16:34:21.3220234Z","SourceContext":"Seq.Server.Features.Indexing.EventStoreIndexer"}
{"@t":"2026-07-20T16:34:30.1717434Z","@mt":"Termination signal received"}
{"@t":"2026-07-20T16:34:30.1749964Z","@mt":"Stopping {Tasks} scheduled leader tasks","Tasks":18,"SourceContext":"Seq.Server.Tasks.TaskRunner"}
{"@t":"2026-07-20T16:34:30.1784258Z","@mt":"Stopping input channel","SourceContext":"Seq.Server.Features.Apps.Inputs.InputChannel"}
{"@t":"2026-07-20T16:34:30.7511687Z","@mt":"Shutting down input channel; {AcceptedCount} queued events will be written","AcceptedCount":0,"SourceContext":"Seq.Server.Features.Apps.Inputs.InputChannel"}
{"@t":"2026-07-20T16:34:30.7538129Z","@mt":"Stopping broadcast channel","SourceContext":"Seq.Engine.Broadcast.BroadcastChannel"}
{"@t":"2026-07-20T16:35:26.7035027Z","@mt":"Seq {SeqVersion} running on OS {OSCaption}","SeqVersion":"2025.2.16202","OSCaption":"Ubuntu 22.04.5 LTS","SourceContext":"Seq.Diagnostics.Logging.EnvironmentInformationWriter"}
{"@t":"2026-07-20T16:35:27.3054101Z","@mt":"Seq listening on {ListenUris}","ListenUris":["http://localhost/","https://localhost/","http://localhost:5341/","https://localhost:45341/"]}
{"@t":"2026-07-20T16:35:27.3219267Z","@mt":"Opening event store at {StreamPath}","StreamPath":"/data/Stream/stream.flare","SourceContext":"Seq.Engine.Cluster.NativeStorage"}
{"@t":"2026-07-20T16:35:27.4520008Z","@mt":"Opening metastore {MetastorePath}","MetastorePath":"/data/Documents/metastore.flare","SourceContext":"Seq.Metastore.Native.NativeDocumentStore"}
{"@t":"2026-07-20T16:35:27.6746748Z","@mt":"Storage subsystem available"}
{"@t":"2026-07-20T16:35:27.6826168Z","@mt":"Loaded key {XmlKeyId} with friendly name {FriendlyName}","XmlKeyId":"xmlkey-18","FriendlyName":"key-e9c99112-fade-409f-afde-bd47a65ca729"}
{"@t":"2026-07-20T16:35:27.7157799Z","@mt":"Ingestion enabled","SourceContext":"Seq.Engine.Cluster.NativeStorage"}
{"@t":"2026-07-20T16:36:27.8357555Z","@sp":"b178a3580c642c43","@tr":"17c8ae850766ff5befe3b88a20b04e18","@mt":"Wrote {IndexSetCount} index sets","IndexSetCount":0,"SourceContext":"Seq.Server.Features.Indexing.EventStoreIndexer"}
{"@t":"2026-07-20T16:36:27.8378361Z","@sp":"b178a3580c642c43","@tr":"17c8ae850766ff5befe3b88a20b04e18","@mt":"Indexing with {Allocated:0.000} ms allowance","@r":["600000.000"],"Allocated":600000,"@st":"2026-07-20T16:36:27.7601902Z","SourceContext":"Seq.Server.Features.Indexing.EventStoreIndexer"}
{"@t":"2026-07-20T16:36:29.9235132Z","@mt":"Termination signal received"}
{"@t":"2026-07-20T16:36:29.9281350Z","@mt":"Stopping {Tasks} scheduled leader tasks","Tasks":18,"SourceContext":"Seq.Server.Tasks.TaskRunner"}
{"@t":"2026-07-20T16:36:29.9318221Z","@mt":"Stopping input channel","SourceContext":"Seq.Server.Features.Apps.Inputs.InputChannel"}
{"@t":"2026-07-20T16:36:30.8134005Z","@mt":"Shutting down input channel; {AcceptedCount} queued events will be written","AcceptedCount":0,"SourceContext":"Seq.Server.Features.Apps.Inputs.InputChannel"}
{"@t":"2026-07-20T16:36:30.8168871Z","@mt":"Stopping broadcast channel","SourceContext":"Seq.Engine.Broadcast.BroadcastChannel"}
{"@t":"2026-07-20T16:37:20.6329324Z","@mt":"Seq {SeqVersion} running on OS {OSCaption}","SeqVersion":"2025.2.16202","OSCaption":"Ubuntu 22.04.5 LTS","SourceContext":"Seq.Diagnostics.Logging.EnvironmentInformationWriter"}
{"@t":"2026-07-20T16:37:21.1001470Z","@mt":"Seq listening on {ListenUris}","ListenUris":["http://localhost/","https://localhost/","http://localhost:5341/","https://localhost:45341/"]}
{"@t":"2026-07-20T16:37:21.1127713Z","@mt":"Opening event store at {StreamPath}","StreamPath":"/data/Stream/stream.flare","SourceContext":"Seq.Engine.Cluster.NativeStorage"}
{"@t":"2026-07-20T16:37:21.2062616Z","@mt":"Opening metastore {MetastorePath}","MetastorePath":"/data/Documents/metastore.flare","SourceContext":"Seq.Metastore.Native.NativeDocumentStore"}
{"@t":"2026-07-20T16:37:21.3010408Z","@mt":"Storage subsystem available"}
{"@t":"2026-07-20T16:37:21.3079777Z","@mt":"Loaded key {XmlKeyId} with friendly name {FriendlyName}","XmlKeyId":"xmlkey-18","FriendlyName":"key-e9c99112-fade-409f-afde-bd47a65ca729"}
{"@t":"2026-07-20T16:37:21.3361926Z","@mt":"Ingestion enabled","SourceContext":"Seq.Engine.Cluster.NativeStorage"}
{"@t":"2026-07-20T16:38:21.4480954Z","@sp":"a27ff24d98520eff","@tr":"3377a8e96e240c87db80d5fd97c25640","@mt":"Wrote {IndexSetCount} index sets","IndexSetCount":0,"SourceContext":"Seq.Server.Features.Indexing.EventStoreIndexer"}
{"@t":"2026-07-20T16:38:21.4497307Z","@sp":"a27ff24d98520eff","@tr":"3377a8e96e240c87db80d5fd97c25640","@mt":"Indexing with {Allocated:0.000} ms allowance","@r":["600000.000"],"Allocated":600000,"@st":"2026-07-20T16:38:21.3714985Z","SourceContext":"Seq.Server.Features.Indexing.EventStoreIndexer"}
{"@t":"2026-07-20T16:39:21.3854248Z","@sp":"0a9aa80b9105c506","@tr":"127d6c4f11de5054320472dc18c95c7a","@mt":"Wrote {IndexSetCount} index sets","IndexSetCount":0,"SourceContext":"Seq.Server.Features.Indexing.EventStoreIndexer"}
{"@t":"2026-07-20T16:39:21.3869104Z","@sp":"0a9aa80b9105c506","@tr":"127d6c4f11de5054320472dc18c95c7a","@mt":"Indexing with {Allocated:0.000} ms allowance","@r":["600000.000"],"Allocated":600000,"@st":"2026-07-20T16:39:21.3710244Z","SourceContext":"Seq.Server.Features.Indexing.EventStoreIndexer"}
{"@t":"2026-07-20T16:40:21.3881664Z","@sp":"50847572cb10be53","@tr":"dd2f8e9bd3a06fa9d6e21919ce301aed","@mt":"Wrote {IndexSetCount} index sets","IndexSetCount":0,"SourceContext":"Seq.Server.Features.Indexing.EventStoreIndexer"}
{"@t":"2026-07-20T16:40:21.3900483Z","@sp":"50847572cb10be53","@tr":"dd2f8e9bd3a06fa9d6e21919ce301aed","@mt":"Indexing with {Allocated:0.000} ms allowance","@r":["600000.000"],"Allocated":600000,"@st":"2026-07-20T16:40:21.3741950Z","SourceContext":"Seq.Server.Features.Indexing.EventStoreIndexer"}
{"@t":"2026-07-20T16:41:21.3867372Z","@sp":"e2504c026a43218f","@tr":"26f7cc228d0a4f465c672ea9a0c3be67","@mt":"Wrote {IndexSetCount} index sets","IndexSetCount":0,"SourceContext":"Seq.Server.Features.Indexing.EventStoreIndexer"}
{"@t":"2026-07-20T16:41:21.3874794Z","@sp":"e2504c026a43218f","@tr":"26f7cc228d0a4f465c672ea9a0c3be67","@mt":"Indexing with {Allocated:0.000} ms allowance","@r":["600000.000"],"Allocated":600000,"@st":"2026-07-20T16:41:21.3743844Z","SourceContext":"Seq.Server.Features.Indexing.EventStoreIndexer"}
{"@t":"2026-07-20T16:42:21.3835221Z","@sp":"5999344fabac1c88","@tr":"263ca2196a25a4c9c885909b0c60f802","@mt":"Wrote {IndexSetCount} index sets","IndexSetCount":0,"SourceContext":"Seq.Server.Features.Indexing.EventStoreIndexer"}
{"@t":"2026-07-20T16:42:21.3848535Z","@sp":"5999344fabac1c88","@tr":"263ca2196a25a4c9c885909b0c60f802","@mt":"Indexing with {Allocated:0.000} ms allowance","@r":["600000.000"],"Allocated":600000,"@st":"2026-07-20T16:42:21.3753242Z","SourceContext":"Seq.Server.Features.Indexing.EventStoreIndexer"}
{"@t":"2026-07-20T16:43:21.3876473Z","@sp":"b445ab8245c5eb5e","@tr":"5f64f9cc4f28ef0b8ef957d20e869ae4","@mt":"Wrote {IndexSetCount} index sets","IndexSetCount":0,"SourceContext":"Seq.Server.Features.Indexing.EventStoreIndexer"}
{"@t":"2026-07-20T16:43:21.3884964Z","@sp":"b445ab8245c5eb5e","@tr":"5f64f9cc4f28ef0b8ef957d20e869ae4","@mt":"Indexing with {Allocated:0.000} ms allowance","@r":["600000.000"],"Allocated":600000,"@st":"2026-07-20T16:43:21.3762308Z","SourceContext":"Seq.Server.Features.Indexing.EventStoreIndexer"}
{"@t":"2026-07-20T16:44:21.3884553Z","@sp":"faff2cd856e3c1f3","@tr":"bda8658dbef12a867eb362034b015277","@mt":"Wrote {IndexSetCount} index sets","IndexSetCount":0,"SourceContext":"Seq.Server.Features.Indexing.EventStoreIndexer"}
{"@t":"2026-07-20T16:44:21.3908376Z","@sp":"faff2cd856e3c1f3","@tr":"bda8658dbef12a867eb362034b015277","@mt":"Indexing with {Allocated:0.000} ms allowance","@r":["600000.000"],"Allocated":600000,"@st":"2026-07-20T16:44:21.3771387Z","SourceContext":"Seq.Server.Features.Indexing.EventStoreIndexer"}
{"@t":"2026-07-20T16:44:36.3180849Z","@mt":"Termination signal received"}
{"@t":"2026-07-20T16:44:36.3230102Z","@mt":"Stopping {Tasks} scheduled leader tasks","Tasks":18,"SourceContext":"Seq.Server.Tasks.TaskRunner"}
{"@t":"2026-07-20T16:44:36.3264334Z","@mt":"Stopping input channel","SourceContext":"Seq.Server.Features.Apps.Inputs.InputChannel"}
{"@t":"2026-07-20T16:44:36.8124001Z","@mt":"Shutting down input channel; {AcceptedCount} queued events will be written","AcceptedCount":0,"SourceContext":"Seq.Server.Features.Apps.Inputs.InputChannel"}
{"@t":"2026-07-20T16:44:36.8157225Z","@mt":"Stopping broadcast channel","SourceContext":"Seq.Engine.Broadcast.BroadcastChannel"}
{"@t":"2026-07-20T16:47:01.2838871Z","@mt":"Seq {SeqVersion} running on OS {OSCaption}","SeqVersion":"2025.2.16202","OSCaption":"Ubuntu 22.04.5 LTS","SourceContext":"Seq.Diagnostics.Logging.EnvironmentInformationWriter"}
{"@t":"2026-07-20T16:47:01.9377819Z","@mt":"Seq listening on {ListenUris}","ListenUris":["http://localhost/","https://localhost/","http://localhost:5341/","https://localhost:45341/"]}
{"@t":"2026-07-20T16:47:01.9555347Z","@mt":"Opening event store at {StreamPath}","StreamPath":"/data/Stream/stream.flare","SourceContext":"Seq.Engine.Cluster.NativeStorage"}
{"@t":"2026-07-20T16:47:02.0939550Z","@mt":"Opening metastore {MetastorePath}","MetastorePath":"/data/Documents/metastore.flare","SourceContext":"Seq.Metastore.Native.NativeDocumentStore"}
{"@t":"2026-07-20T16:47:02.2022346Z","@mt":"Storage subsystem available"}
{"@t":"2026-07-20T16:47:02.2092919Z","@mt":"Loaded key {XmlKeyId} with friendly name {FriendlyName}","XmlKeyId":"xmlkey-18","FriendlyName":"key-e9c99112-fade-409f-afde-bd47a65ca729"}
{"@t":"2026-07-20T16:47:02.2481446Z","@mt":"Ingestion enabled","SourceContext":"Seq.Engine.Cluster.NativeStorage"}
{"@t":"2026-07-20T16:48:02.3557608Z","@sp":"7fe15f51a5c799b0","@tr":"c86b083c7d3c776c3edad5c0647a5adb","@mt":"Wrote {IndexSetCount} index sets","IndexSetCount":0,"SourceContext":"Seq.Server.Features.Indexing.EventStoreIndexer"}
{"@t":"2026-07-20T16:48:02.3573570Z","@sp":"7fe15f51a5c799b0","@tr":"c86b083c7d3c776c3edad5c0647a5adb","@mt":"Indexing with {Allocated:0.000} ms allowance","@r":["600000.000"],"Allocated":600000,"@st":"2026-07-20T16:48:02.2837393Z","SourceContext":"Seq.Server.Features.Indexing.EventStoreIndexer"}
{"@t":"2026-07-20T16:48:21.3802882Z","@mt":"Termination signal received"}
{"@t":"2026-07-20T16:48:21.3836784Z","@mt":"Stopping {Tasks} scheduled leader tasks","Tasks":18,"SourceContext":"Seq.Server.Tasks.TaskRunner"}
{"@t":"2026-07-20T16:48:21.3863980Z","@mt":"Stopping input channel","SourceContext":"Seq.Server.Features.Apps.Inputs.InputChannel"}
{"@t":"2026-07-20T16:48:22.3539239Z","@mt":"Shutting down input channel; {AcceptedCount} queued events will be written","AcceptedCount":0,"SourceContext":"Seq.Server.Features.Apps.Inputs.InputChannel"}
{"@t":"2026-07-20T16:48:22.3573208Z","@mt":"Stopping broadcast channel","SourceContext":"Seq.Engine.Broadcast.BroadcastChannel"}
{"@t":"2026-07-20T16:49:35.8895915Z","@mt":"Seq {SeqVersion} running on OS {OSCaption}","SeqVersion":"2025.2.16202","OSCaption":"Ubuntu 22.04.5 LTS","SourceContext":"Seq.Diagnostics.Logging.EnvironmentInformationWriter"}
{"@t":"2026-07-20T16:49:36.9126319Z","@mt":"Seq listening on {ListenUris}","ListenUris":["http://localhost/","https://localhost/","http://localhost:5341/","https://localhost:45341/"]}
{"@t":"2026-07-20T16:49:36.9276962Z","@mt":"Opening event store at {StreamPath}","StreamPath":"/data/Stream/stream.flare","SourceContext":"Seq.Engine.Cluster.NativeStorage"}
{"@t":"2026-07-20T16:49:37.0824084Z","@mt":"Opening metastore {MetastorePath}","MetastorePath":"/data/Documents/metastore.flare","SourceContext":"Seq.Metastore.Native.NativeDocumentStore"}
{"@t":"2026-07-20T16:49:37.2049169Z","@mt":"Storage subsystem available"}
{"@t":"2026-07-20T16:49:37.2130258Z","@mt":"Loaded key {XmlKeyId} with friendly name {FriendlyName}","XmlKeyId":"xmlkey-18","FriendlyName":"key-e9c99112-fade-409f-afde-bd47a65ca729"}
{"@t":"2026-07-20T16:49:37.2584857Z","@mt":"Ingestion enabled","SourceContext":"Seq.Engine.Cluster.NativeStorage"}
{"@t":"2026-07-20T16:50:28.1740868Z","@mt":"Termination signal received"}
{"@t":"2026-07-20T16:50:28.1773157Z","@mt":"Stopping {Tasks} scheduled leader tasks","Tasks":18,"SourceContext":"Seq.Server.Tasks.TaskRunner"}
{"@t":"2026-07-20T16:50:28.1823325Z","@mt":"Stopping input channel","SourceContext":"Seq.Server.Features.Apps.Inputs.InputChannel"}
{"@t":"2026-07-20T16:50:28.3387182Z","@mt":"Shutting down input channel; {AcceptedCount} queued events will be written","AcceptedCount":0,"SourceContext":"Seq.Server.Features.Apps.Inputs.InputChannel"}
{"@t":"2026-07-20T16:50:28.3410939Z","@mt":"Stopping broadcast channel","SourceContext":"Seq.Engine.Broadcast.BroadcastChannel"}
{"@t":"2026-07-20T16:51:59.1342386Z","@mt":"Seq {SeqVersion} running on OS {OSCaption}","SeqVersion":"2025.2.16202","OSCaption":"Ubuntu 22.04.5 LTS","SourceContext":"Seq.Diagnostics.Logging.EnvironmentInformationWriter"}
{"@t":"2026-07-20T16:51:59.8771094Z","@mt":"Seq listening on {ListenUris}","ListenUris":["http://localhost/","https://localhost/","http://localhost:5341/","https://localhost:45341/"]}
{"@t":"2026-07-20T16:51:59.8947113Z","@mt":"Opening event store at {StreamPath}","StreamPath":"/data/Stream/stream.flare","SourceContext":"Seq.Engine.Cluster.NativeStorage"}
{"@t":"2026-07-20T16:52:00.0686507Z","@mt":"Opening metastore {MetastorePath}","MetastorePath":"/data/Documents/metastore.flare","SourceContext":"Seq.Metastore.Native.NativeDocumentStore"}
{"@t":"2026-07-20T16:52:00.2223341Z","@mt":"Storage subsystem available"}
{"@t":"2026-07-20T16:52:00.2303771Z","@mt":"Loaded key {XmlKeyId} with friendly name {FriendlyName}","XmlKeyId":"xmlkey-18","FriendlyName":"key-e9c99112-fade-409f-afde-bd47a65ca729"}
{"@t":"2026-07-20T16:52:00.2768700Z","@mt":"Ingestion enabled","SourceContext":"Seq.Engine.Cluster.NativeStorage"}
{"@t":"2026-07-20T16:53:00.4065610Z","@sp":"78d6b80dd0f84137","@tr":"d34bc4eb60403787f1d1786f1f52a8f8","@mt":"Wrote {IndexSetCount} index sets","IndexSetCount":0,"SourceContext":"Seq.Server.Features.Indexing.EventStoreIndexer"}
{"@t":"2026-07-20T16:53:00.4080043Z","@sp":"78d6b80dd0f84137","@tr":"d34bc4eb60403787f1d1786f1f52a8f8","@mt":"Indexing with {Allocated:0.000} ms allowance","@r":["600000.000"],"Allocated":600000,"@st":"2026-07-20T16:53:00.3231050Z","SourceContext":"Seq.Server.Features.Indexing.EventStoreIndexer"}
{"@t":"2026-07-20T16:53:14.4151013Z","@sp":"04aaa383442b343d","@tr":"d8cbaacdfb48ad30833fddf6315fed71","@mt":"HTTP {RequestMethod} {RequestPath} responded {StatusCode} in {Elapsed:0.0000} ms","@r":["36.7556"],"@l":"Error","@x":"System.Net.WebSockets.WebSocketException (0x80004005): The remote party closed the WebSocket connection without completing the close handshake.\n   at System.Net.WebSockets.ManagedWebSocket.ThrowEOFUnexpected()\n   at System.Net.WebSockets.ManagedWebSocket.EnsureBufferContainsAsync(Int32 minimumRequiredBytes, CancellationToken cancellationToken)\n   at System.Runtime.CompilerServices.PoolingAsyncValueTaskMethodBuilder`1.StateMachineBox`1.System.Threading.Tasks.Sources.IValueTaskSource.GetResult(Int16 token)\n   at System.Net.WebSockets.ManagedWebSocket.ReceiveAsyncPrivate[TResult](Memory`1 payloadBuffer, CancellationToken cancellationToken)\n   at System.Runtime.CompilerServices.PoolingAsyncValueTaskMethodBuilder`1.StateMachineBox`1.System.Threading.Tasks.Sources.IValueTaskSource<TResult>.GetResult(Int16 token)\n   at System.Net.WebSockets.ManagedWebSocket.CloseAsyncPrivate(WebSocketCloseStatus closeStatus, String statusDescription, CancellationToken cancellationToken)\n   at Seq.Server.Web.Sockets.WebSocketHandler.AcceptWebSocket(HttpContext ctx, Func`3 handler)\n   at Seq.Server.Web.Api.EventsController.ScanGet()\n   at Microsoft.AspNetCore.Mvc.Infrastructure.ActionMethodExecutor.TaskResultExecutor.Execute(ActionContext actionContext, IActionResultTypeMapper mapper, ObjectMethodExecutor executor, Object controller, Object[] arguments)\n   at Microsoft.AspNetCore.Mvc.Infrastructure.ControllerActionInvoker.<InvokeActionMethodAsync>g__Logged|12_1(ControllerActionInvoker invoker)\n   at Microsoft.AspNetCore.Mvc.Infrastructure.ControllerActionInvoker.<InvokeNextActionFilterAsync>g__Awaited|10_0(ControllerActionInvoker invoker, Task lastTask, State next, Scope scope, Object state, Boolean isCompleted)\n   at Microsoft.AspNetCore.Mvc.Infrastructure.ControllerActionInvoker.Rethrow(ActionExecutedContextSealed context)\n   at Microsoft.AspNetCore.Mvc.Infrastructure.ControllerActionInvoker.Next(State& next, Scope& scope, Object& state, Boolean& isCompleted)\n   at Microsoft.AspNetCore.Mvc.Infrastructure.ControllerActionInvoker.<InvokeInnerFilterAsync>g__Awaited|13_0(ControllerActionInvoker invoker, Task lastTask, State next, Scope scope, Object state, Boolean isCompleted)\n   at Microsoft.AspNetCore.Mvc.Infrastructure.ResourceInvoker.<InvokeNextResourceFilter>g__Awaited|25_0(ResourceInvoker invoker, Task lastTask, State next, Scope scope, Object state, Boolean isCompleted)\n   at Microsoft.AspNetCore.Mvc.Infrastructure.ResourceInvoker.Rethrow(ResourceExecutedContextSealed context)\n   at Microsoft.AspNetCore.Mvc.Infrastructure.ResourceInvoker.Next(State& next, Scope& scope, Object& state, Boolean& isCompleted)\n   at Microsoft.AspNetCore.Mvc.Infrastructure.ResourceInvoker.<InvokeFilterPipelineAsync>g__Awaited|20_0(ResourceInvoker invoker, Task lastTask, State next, Scope scope, Object state, Boolean isCompleted)\n   at Microsoft.AspNetCore.Mvc.Infrastructure.ResourceInvoker.<InvokeAsync>g__Logged|17_1(ResourceInvoker invoker)\n   at Microsoft.AspNetCore.Mvc.Infrastructure.ResourceInvoker.<InvokeAsync>g__Logged|17_1(ResourceInvoker invoker)\n   at Microsoft.AspNetCore.RateLimiting.RateLimitingMiddleware.InvokeInternal(HttpContext context, EnableRateLimitingAttribute enableRateLimitingAttribute)\n   at Seq.Server.Web.Middleware.RequestAuthenticationMiddleware.Invoke(HttpContext httpContext)\n   at Microsoft.AspNetCore.Authentication.AuthenticationMiddleware.Invoke(HttpContext context)\n   at Seq.Server.Web.Middleware.ServerStatusMiddleware.Invoke(HttpContext context)\n   at Seq.Server.Web.Middleware.UniversalHeadersMiddleware.Invoke(HttpContext context)\n   at Seq.Server.Web.Middleware.UnhandledExceptionLoggingMiddleware.Invoke(HttpContext httpContext)","RequestMethod":"GET","RequestPath":"/api/events/scan","StatusCode":500,"Elapsed":36.7556,"ErrorToken":"093dd7c3ad464b94b41ccb5818ad9e17","RequestProtocol":"HTTP/1.1","RequestHost":"localhost:8081","RequestHeaders":{"User-Agent":"Mozilla/5.0 (Windows NT 10.0; Win64; x64) AppleWebKit/537.36 (KHTML, like Gecko) Chrome/150.0.0.0 Safari/537.36 Edg/150.0.0.0"},"SourceContext":"Seq.Server.Web.Middleware.UnhandledExceptionLoggingMiddleware","RequestId":"0HNN6FSRTQOHM:00000001","ConnectionId":"0HNN6FSRTQOHM"}
{"@t":"2026-07-20T16:54:00.3348738Z","@sp":"e2d98ae2344acd78","@tr":"75eefda34a322245bb85c78283cf9a04","@mt":"Wrote {IndexSetCount} index sets","IndexSetCount":0,"SourceContext":"Seq.Server.Features.Indexing.EventStoreIndexer"}
{"@t":"2026-07-20T16:54:00.3361426Z","@sp":"e2d98ae2344acd78","@tr":"75eefda34a322245bb85c78283cf9a04","@mt":"Indexing with {Allocated:0.000} ms allowance","@r":["600000.000"],"Allocated":600000,"@st":"2026-07-20T16:54:00.3204228Z","SourceContext":"Seq.Server.Features.Indexing.EventStoreIndexer"}
{"@t":"2026-07-20T16:55:00.3291150Z","@sp":"bd685ce8a74cbd15","@tr":"95ab4a64332f8e23e6c34026c6208af8","@mt":"Wrote {IndexSetCount} index sets","IndexSetCount":0,"SourceContext":"Seq.Server.Features.Indexing.EventStoreIndexer"}
{"@t":"2026-07-20T16:55:00.3302157Z","@sp":"bd685ce8a74cbd15","@tr":"95ab4a64332f8e23e6c34026c6208af8","@mt":"Indexing with {Allocated:0.000} ms allowance","@r":["600000.000"],"Allocated":600000,"@st":"2026-07-20T16:55:00.3196232Z","SourceContext":"Seq.Server.Features.Indexing.EventStoreIndexer"}
{"@t":"2026-07-20T16:56:00.3375503Z","@sp":"9ee5aebd85679174","@tr":"41eb6a2128f5931f87f6b4061f8c3fae","@mt":"Wrote {IndexSetCount} index sets","IndexSetCount":0,"SourceContext":"Seq.Server.Features.Indexing.EventStoreIndexer"}
{"@t":"2026-07-20T16:56:00.3387028Z","@sp":"9ee5aebd85679174","@tr":"41eb6a2128f5931f87f6b4061f8c3fae","@mt":"Indexing with {Allocated:0.000} ms allowance","@r":["600000.000"],"Allocated":600000,"@st":"2026-07-20T16:56:00.3174192Z","SourceContext":"Seq.Server.Features.Indexing.EventStoreIndexer"}
{"@t":"2026-07-20T16:57:00.3331751Z","@sp":"5838d4fb295d3d01","@tr":"dd146419fbb5b55d78a513ed8cadd9e0","@mt":"Wrote {IndexSetCount} index sets","IndexSetCount":0,"SourceContext":"Seq.Server.Features.Indexing.EventStoreIndexer"}
{"@t":"2026-07-20T16:57:00.3347918Z","@sp":"5838d4fb295d3d01","@tr":"dd146419fbb5b55d78a513ed8cadd9e0","@mt":"Indexing with {Allocated:0.000} ms allowance","@r":["600000.000"],"Allocated":600000,"@st":"2026-07-20T16:57:00.3196139Z","SourceContext":"Seq.Server.Features.Indexing.EventStoreIndexer"}
{"@t":"2026-07-20T16:58:00.3339264Z","@sp":"45d627453ea9bc02","@tr":"02678120eb35ddbd30db08ce34262363","@mt":"Wrote {IndexSetCount} index sets","IndexSetCount":0,"SourceContext":"Seq.Server.Features.Indexing.EventStoreIndexer"}
{"@t":"2026-07-20T16:58:00.3348069Z","@sp":"45d627453ea9bc02","@tr":"02678120eb35ddbd30db08ce34262363","@mt":"Indexing with {Allocated:0.000} ms allowance","@r":["600000.000"],"Allocated":600000,"@st":"2026-07-20T16:58:00.3217834Z","SourceContext":"Seq.Server.Features.Indexing.EventStoreIndexer"}
{"@t":"2026-07-20T16:58:20.8444268Z","@mt":"Termination signal received"}
{"@t":"2026-07-20T16:58:20.8476550Z","@mt":"Stopping {Tasks} scheduled leader tasks","Tasks":18,"SourceContext":"Seq.Server.Tasks.TaskRunner"}
{"@t":"2026-07-20T16:58:20.8516278Z","@mt":"Stopping input channel","SourceContext":"Seq.Server.Features.Apps.Inputs.InputChannel"}
{"@t":"2026-07-20T16:58:21.6937648Z","@mt":"Shutting down input channel; {AcceptedCount} queued events will be written","AcceptedCount":0,"SourceContext":"Seq.Server.Features.Apps.Inputs.InputChannel"}
{"@t":"2026-07-20T16:58:21.7097699Z","@mt":"Stopping broadcast channel","SourceContext":"Seq.Engine.Broadcast.BroadcastChannel"}
{"@t":"2026-07-20T17:00:02.6262665Z","@mt":"Seq {SeqVersion} running on OS {OSCaption}","SeqVersion":"2025.2.16202","OSCaption":"Ubuntu 22.04.5 LTS","SourceContext":"Seq.Diagnostics.Logging.EnvironmentInformationWriter"}
{"@t":"2026-07-20T17:00:03.2277399Z","@mt":"Seq listening on {ListenUris}","ListenUris":["http://localhost/","https://localhost/","http://localhost:5341/","https://localhost:45341/"]}
{"@t":"2026-07-20T17:00:03.2420926Z","@mt":"Opening event store at {StreamPath}","StreamPath":"/data/Stream/stream.flare","SourceContext":"Seq.Engine.Cluster.NativeStorage"}
{"@t":"2026-07-20T17:00:03.3824374Z","@mt":"Opening metastore {MetastorePath}","MetastorePath":"/data/Documents/metastore.flare","SourceContext":"Seq.Metastore.Native.NativeDocumentStore"}
{"@t":"2026-07-20T17:00:03.4884294Z","@mt":"Storage subsystem available"}
{"@t":"2026-07-20T17:00:03.4957497Z","@mt":"Loaded key {XmlKeyId} with friendly name {FriendlyName}","XmlKeyId":"xmlkey-18","FriendlyName":"key-e9c99112-fade-409f-afde-bd47a65ca729"}
{"@t":"2026-07-20T17:00:03.5188154Z","@mt":"Ingestion enabled","SourceContext":"Seq.Engine.Cluster.NativeStorage"}
{"@t":"2026-07-20T17:01:03.5772096Z","@sp":"331a587d6f6fe197","@tr":"372b57c2342c0aa829e38caf508e2359","@mt":"Wrote {IndexSetCount} index sets","IndexSetCount":0,"SourceContext":"Seq.Server.Features.Indexing.EventStoreIndexer"}
{"@t":"2026-07-20T17:01:03.5789666Z","@sp":"331a587d6f6fe197","@tr":"372b57c2342c0aa829e38caf508e2359","@mt":"Indexing with {Allocated:0.000} ms allowance","@r":["600000.000"],"Allocated":600000,"@st":"2026-07-20T17:01:03.5528170Z","SourceContext":"Seq.Server.Features.Indexing.EventStoreIndexer"}
{"@t":"2026-07-20T17:02:03.5612730Z","@sp":"e54ea3885688221a","@tr":"43ab6164bfbfaf54257bc39f68df0cf2","@mt":"Wrote {IndexSetCount} index sets","IndexSetCount":0,"SourceContext":"Seq.Server.Features.Indexing.EventStoreIndexer"}
{"@t":"2026-07-20T17:02:03.5617630Z","@sp":"e54ea3885688221a","@tr":"43ab6164bfbfaf54257bc39f68df0cf2","@mt":"Indexing with {Allocated:0.000} ms allowance","@r":["600000.000"],"Allocated":600000,"@st":"2026-07-20T17:02:03.5507557Z","SourceContext":"Seq.Server.Features.Indexing.EventStoreIndexer"}
{"@t":"2026-07-20T17:03:03.5665233Z","@sp":"77c77d4dc928d0e0","@tr":"39462c4583eaddbf97f11284f4eac127","@mt":"Wrote {IndexSetCount} index sets","IndexSetCount":0,"SourceContext":"Seq.Server.Features.Indexing.EventStoreIndexer"}
{"@t":"2026-07-20T17:03:03.5673338Z","@sp":"77c77d4dc928d0e0","@tr":"39462c4583eaddbf97f11284f4eac127","@mt":"Indexing with {Allocated:0.000} ms allowance","@r":["600000.000"],"Allocated":600000,"@st":"2026-07-20T17:03:03.5523499Z","SourceContext":"Seq.Server.Features.Indexing.EventStoreIndexer"}
{"@t":"2026-07-20T17:04:03.5615976Z","@sp":"b5bf42da74203bcc","@tr":"2d30bae43448cd173e44cd12dee1a772","@mt":"Wrote {IndexSetCount} index sets","IndexSetCount":0,"SourceContext":"Seq.Server.Features.Indexing.EventStoreIndexer"}
{"@t":"2026-07-20T17:04:03.5622707Z","@sp":"b5bf42da74203bcc","@tr":"2d30bae43448cd173e44cd12dee1a772","@mt":"Indexing with {Allocated:0.000} ms allowance","@r":["600000.000"],"Allocated":600000,"@st":"2026-07-20T17:04:03.5525822Z","SourceContext":"Seq.Server.Features.Indexing.EventStoreIndexer"}
{"@t":"2026-07-20T17:05:03.5818685Z","@sp":"9035e416a2b7bcef","@tr":"63b4e14186f1ca91cb8d2d87b59fdff5","@mt":"Wrote {IndexSetCount} index sets","IndexSetCount":0,"SourceContext":"Seq.Server.Features.Indexing.EventStoreIndexer"}
{"@t":"2026-07-20T17:05:03.5828193Z","@sp":"9035e416a2b7bcef","@tr":"63b4e14186f1ca91cb8d2d87b59fdff5","@mt":"Indexing with {Allocated:0.000} ms allowance","@r":["600000.000"],"Allocated":600000,"@st":"2026-07-20T17:05:03.5520039Z","SourceContext":"Seq.Server.Features.Indexing.EventStoreIndexer"}
{"@t":"2026-07-20T17:06:03.5691771Z","@sp":"e39bdc35e786af1c","@tr":"152a050cce5c22810bb9e6d4dab64ed8","@mt":"Wrote {IndexSetCount} index sets","IndexSetCount":0,"SourceContext":"Seq.Server.Features.Indexing.EventStoreIndexer"}
{"@t":"2026-07-20T17:06:03.5700133Z","@sp":"e39bdc35e786af1c","@tr":"152a050cce5c22810bb9e6d4dab64ed8","@mt":"Indexing with {Allocated:0.000} ms allowance","@r":["600000.000"],"Allocated":600000,"@st":"2026-07-20T17:06:03.5540817Z","SourceContext":"Seq.Server.Features.Indexing.EventStoreIndexer"}
{"@t":"2026-07-20T17:07:03.5653629Z","@sp":"c0cc0b68a68345de","@tr":"9ee1941f148dc29bb8f038feccaf99dc","@mt":"Wrote {IndexSetCount} index sets","IndexSetCount":0,"SourceContext":"Seq.Server.Features.Indexing.EventStoreIndexer"}
{"@t":"2026-07-20T17:07:03.5663871Z","@sp":"c0cc0b68a68345de","@tr":"9ee1941f148dc29bb8f038feccaf99dc","@mt":"Indexing with {Allocated:0.000} ms allowance","@r":["600000.000"],"Allocated":600000,"@st":"2026-07-20T17:07:03.5542439Z","SourceContext":"Seq.Server.Features.Indexing.EventStoreIndexer"}
{"@t":"2026-07-20T17:07:07.5321054Z","@mt":"Termination signal received"}
{"@t":"2026-07-20T17:07:07.5352302Z","@mt":"Stopping {Tasks} scheduled leader tasks","Tasks":18,"SourceContext":"Seq.Server.Tasks.TaskRunner"}
{"@t":"2026-07-20T17:07:07.5379585Z","@mt":"Stopping input channel","SourceContext":"Seq.Server.Features.Apps.Inputs.InputChannel"}
{"@t":"2026-07-20T17:07:07.9678074Z","@mt":"Shutting down input channel; {AcceptedCount} queued events will be written","AcceptedCount":0,"SourceContext":"Seq.Server.Features.Apps.Inputs.InputChannel"}
{"@t":"2026-07-20T17:07:07.9707600Z","@mt":"Stopping broadcast channel","SourceContext":"Seq.Engine.Broadcast.BroadcastChannel"}
{"@t":"2026-07-20T17:07:07.9745203Z","@mt":"Shutting down broadcast channel with {AllowableFlush} flushable event batches (+{Tolerance} tolerance)","AllowableFlush":2,"Tolerance":15,"SourceContext":"Seq.Engine.Broadcast.BroadcastChannel"}
{"@t":"2026-07-20T17:07:07.9772933Z","@mt":"Stopping alert processor","SourceContext":"Seq.Server.Features.Alerting.AlertProcessor"}
{"@t":"2026-07-20T17:07:08.2636990Z","@mt":"Server stopped cleanly"}
{"@t":"2026-07-20T17:08:32.7535642Z","@mt":"Seq {SeqVersion} running on OS {OSCaption}","SeqVersion":"2025.2.16202","OSCaption":"Ubuntu 22.04.5 LTS","SourceContext":"Seq.Diagnostics.Logging.EnvironmentInformationWriter"}
{"@t":"2026-07-20T17:08:33.4162648Z","@mt":"Seq listening on {ListenUris}","ListenUris":["http://localhost/","https://localhost/","http://localhost:5341/","https://localhost:45341/"]}
{"@t":"2026-07-20T17:08:33.4307414Z","@mt":"Opening event store at {StreamPath}","StreamPath":"/data/Stream/stream.flare","SourceContext":"Seq.Engine.Cluster.NativeStorage"}
{"@t":"2026-07-20T17:08:33.5987737Z","@mt":"Opening metastore {MetastorePath}","MetastorePath":"/data/Documents/metastore.flare","SourceContext":"Seq.Metastore.Native.NativeDocumentStore"}
{"@t":"2026-07-20T17:08:33.7125624Z","@mt":"Storage subsystem available"}
{"@t":"2026-07-20T17:08:33.7220279Z","@mt":"Loaded key {XmlKeyId} with friendly name {FriendlyName}","XmlKeyId":"xmlkey-18","FriendlyName":"key-e9c99112-fade-409f-afde-bd47a65ca729"}
{"@t":"2026-07-20T17:08:33.7491571Z","@mt":"Ingestion enabled","SourceContext":"Seq.Engine.Cluster.NativeStorage"}
{"@t":"2026-07-20T17:09:33.8771863Z","@sp":"bc184b0acc26d71f","@tr":"4305e08a50a67782bb6f91a07f69a85f","@mt":"Wrote {IndexSetCount} index sets","IndexSetCount":0,"SourceContext":"Seq.Server.Features.Indexing.EventStoreIndexer"}
{"@t":"2026-07-20T17:09:33.8787493Z","@sp":"bc184b0acc26d71f","@tr":"4305e08a50a67782bb6f91a07f69a85f","@mt":"Indexing with {Allocated:0.000} ms allowance","@r":["600000.000"],"Allocated":600000,"@st":"2026-07-20T17:09:33.7897580Z","SourceContext":"Seq.Server.Features.Indexing.EventStoreIndexer"}
{"@t":"2026-07-20T17:09:44.5482480Z","@sp":"5c12796d8ecc05ea","@tr":"dc1014359812887b104cd96a9c95d068","@mt":"HTTP {RequestMethod} {RequestPath} responded {StatusCode} in {Elapsed:0.0000} ms","@r":["65.4164"],"@l":"Error","@x":"System.Net.WebSockets.WebSocketException (0x80004005): The remote party closed the WebSocket connection without completing the close handshake.\n   at System.Net.WebSockets.ManagedWebSocket.ThrowEOFUnexpected()\n   at System.Net.WebSockets.ManagedWebSocket.EnsureBufferContainsAsync(Int32 minimumRequiredBytes, CancellationToken cancellationToken)\n   at System.Runtime.CompilerServices.PoolingAsyncValueTaskMethodBuilder`1.StateMachineBox`1.System.Threading.Tasks.Sources.IValueTaskSource.GetResult(Int16 token)\n   at System.Net.WebSockets.ManagedWebSocket.ReceiveAsyncPrivate[TResult](Memory`1 payloadBuffer, CancellationToken cancellationToken)\n   at System.Runtime.CompilerServices.PoolingAsyncValueTaskMethodBuilder`1.StateMachineBox`1.System.Threading.Tasks.Sources.IValueTaskSource<TResult>.GetResult(Int16 token)\n   at System.Net.WebSockets.ManagedWebSocket.CloseAsyncPrivate(WebSocketCloseStatus closeStatus, String statusDescription, CancellationToken cancellationToken)\n   at Seq.Server.Web.Sockets.WebSocketHandler.AcceptWebSocket(HttpContext ctx, Func`3 handler)\n   at Seq.Server.Web.Api.EventsController.ScanGet()\n   at Microsoft.AspNetCore.Mvc.Infrastructure.ActionMethodExecutor.TaskResultExecutor.Execute(ActionContext actionContext, IActionResultTypeMapper mapper, ObjectMethodExecutor executor, Object controller, Object[] arguments)\n   at Microsoft.AspNetCore.Mvc.Infrastructure.ControllerActionInvoker.<InvokeActionMethodAsync>g__Logged|12_1(ControllerActionInvoker invoker)\n   at Microsoft.AspNetCore.Mvc.Infrastructure.ControllerActionInvoker.<InvokeNextActionFilterAsync>g__Awaited|10_0(ControllerActionInvoker invoker, Task lastTask, State next, Scope scope, Object state, Boolean isCompleted)\n   at Microsoft.AspNetCore.Mvc.Infrastructure.ControllerActionInvoker.Rethrow(ActionExecutedContextSealed context)\n   at Microsoft.AspNetCore.Mvc.Infrastructure.ControllerActionInvoker.Next(State& next, Scope& scope, Object& state, Boolean& isCompleted)\n   at Microsoft.AspNetCore.Mvc.Infrastructure.ControllerActionInvoker.<InvokeInnerFilterAsync>g__Awaited|13_0(ControllerActionInvoker invoker, Task lastTask, State next, Scope scope, Object state, Boolean isCompleted)\n   at Microsoft.AspNetCore.Mvc.Infrastructure.ResourceInvoker.<InvokeNextResourceFilter>g__Awaited|25_0(ResourceInvoker invoker, Task lastTask, State next, Scope scope, Object state, Boolean isCompleted)\n   at Microsoft.AspNetCore.Mvc.Infrastructure.ResourceInvoker.Rethrow(ResourceExecutedContextSealed context)\n   at Microsoft.AspNetCore.Mvc.Infrastructure.ResourceInvoker.Next(State& next, Scope& scope, Object& state, Boolean& isCompleted)\n   at Microsoft.AspNetCore.Mvc.Infrastructure.ResourceInvoker.<InvokeFilterPipelineAsync>g__Awaited|20_0(ResourceInvoker invoker, Task lastTask, State next, Scope scope, Object state, Boolean isCompleted)\n   at Microsoft.AspNetCore.Mvc.Infrastructure.ResourceInvoker.<InvokeAsync>g__Logged|17_1(ResourceInvoker invoker)\n   at Microsoft.AspNetCore.Mvc.Infrastructure.ResourceInvoker.<InvokeAsync>g__Logged|17_1(ResourceInvoker invoker)\n   at Microsoft.AspNetCore.RateLimiting.RateLimitingMiddleware.InvokeInternal(HttpContext context, EnableRateLimitingAttribute enableRateLimitingAttribute)\n   at Seq.Server.Web.Middleware.RequestAuthenticationMiddleware.Invoke(HttpContext httpContext)\n   at Microsoft.AspNetCore.Authentication.AuthenticationMiddleware.Invoke(HttpContext context)\n   at Seq.Server.Web.Middleware.ServerStatusMiddleware.Invoke(HttpContext context)\n   at Seq.Server.Web.Middleware.UniversalHeadersMiddleware.Invoke(HttpContext context)\n   at Seq.Server.Web.Middleware.UnhandledExceptionLoggingMiddleware.Invoke(HttpContext httpContext)","RequestMethod":"GET","RequestPath":"/api/events/scan","StatusCode":500,"Elapsed":65.4164,"ErrorToken":"9417b016c0e14442ae41e1f6eb77c8d5","RequestProtocol":"HTTP/1.1","RequestHost":"localhost:8081","RequestHeaders":{"User-Agent":"Mozilla/5.0 (Windows NT 10.0; Win64; x64) AppleWebKit/537.36 (KHTML, like Gecko) Chrome/150.0.0.0 Safari/537.36 Edg/150.0.0.0"},"SourceContext":"Seq.Server.Web.Middleware.UnhandledExceptionLoggingMiddleware","RequestId":"0HNN6G647ND88:00000001","ConnectionId":"0HNN6G647ND88"}
{"@t":"2026-07-20T17:09:54.4191162Z","@mt":"Termination signal received"}
{"@t":"2026-07-20T17:09:54.4224170Z","@mt":"Stopping {Tasks} scheduled leader tasks","Tasks":18,"SourceContext":"Seq.Server.Tasks.TaskRunner"}
{"@t":"2026-07-20T17:09:54.4259706Z","@mt":"Stopping input channel","SourceContext":"Seq.Server.Features.Apps.Inputs.InputChannel"}
{"@t":"2026-07-20T17:09:54.8585477Z","@mt":"Shutting down input channel; {AcceptedCount} queued events will be written","AcceptedCount":0,"SourceContext":"Seq.Server.Features.Apps.Inputs.InputChannel"}
{"@t":"2026-07-20T17:09:54.8605747Z","@mt":"Stopping broadcast channel","SourceContext":"Seq.Engine.Broadcast.BroadcastChannel"}
{"@t":"2026-07-20T17:13:16.5940627Z","@mt":"Seq {SeqVersion} running on OS {OSCaption}","SeqVersion":"2025.2.16202","OSCaption":"Ubuntu 22.04.5 LTS","SourceContext":"Seq.Diagnostics.Logging.EnvironmentInformationWriter"}
{"@t":"2026-07-20T17:13:17.1170420Z","@mt":"Seq listening on {ListenUris}","ListenUris":["http://localhost/","https://localhost/","http://localhost:5341/","https://localhost:45341/"]}
{"@t":"2026-07-20T17:13:17.1298301Z","@mt":"Opening event store at {StreamPath}","StreamPath":"/data/Stream/stream.flare","SourceContext":"Seq.Engine.Cluster.NativeStorage"}
{"@t":"2026-07-20T17:13:17.2846352Z","@mt":"Opening metastore {MetastorePath}","MetastorePath":"/data/Documents/metastore.flare","SourceContext":"Seq.Metastore.Native.NativeDocumentStore"}
{"@t":"2026-07-20T17:13:17.3826691Z","@mt":"Storage subsystem available"}
{"@t":"2026-07-20T17:13:17.3888578Z","@mt":"Loaded key {XmlKeyId} with friendly name {FriendlyName}","XmlKeyId":"xmlkey-18","FriendlyName":"key-e9c99112-fade-409f-afde-bd47a65ca729"}
{"@t":"2026-07-20T17:13:17.4196679Z","@mt":"Ingestion enabled","SourceContext":"Seq.Engine.Cluster.NativeStorage"}
{"@t":"2026-07-20T17:14:17.5417972Z","@sp":"b6b09a40f8033a77","@tr":"bfaafb4c5594a2fd3ac11eaf772de08d","@mt":"Wrote {IndexSetCount} index sets","IndexSetCount":0,"SourceContext":"Seq.Server.Features.Indexing.EventStoreIndexer"}
{"@t":"2026-07-20T17:14:17.5433981Z","@sp":"b6b09a40f8033a77","@tr":"bfaafb4c5594a2fd3ac11eaf772de08d","@mt":"Indexing with {Allocated:0.000} ms allowance","@r":["600000.000"],"Allocated":600000,"@st":"2026-07-20T17:14:17.4540732Z","SourceContext":"Seq.Server.Features.Indexing.EventStoreIndexer"}
{"@t":"2026-07-20T17:15:17.4681954Z","@sp":"a768d423b0f0e909","@tr":"eb989d321255bf8b3511f1b4a465b523","@mt":"Wrote {IndexSetCount} index sets","IndexSetCount":0,"SourceContext":"Seq.Server.Features.Indexing.EventStoreIndexer"}
{"@t":"2026-07-20T17:15:17.4689773Z","@sp":"a768d423b0f0e909","@tr":"eb989d321255bf8b3511f1b4a465b523","@mt":"Indexing with {Allocated:0.000} ms allowance","@r":["600000.000"],"Allocated":600000,"@st":"2026-07-20T17:15:17.4523549Z","SourceContext":"Seq.Server.Features.Indexing.EventStoreIndexer"}
{"@t":"2026-07-20T17:15:45.0447586Z","@sp":"e150d455099de5eb","@tr":"ffb8052b5961f8c8af292939e7d026b6","@mt":"HTTP {RequestMethod} {RequestPath} responded {StatusCode} in {Elapsed:0.0000} ms","@r":["61.3514"],"@l":"Error","@x":"System.Net.WebSockets.WebSocketException (0x80004005): The remote party closed the WebSocket connection without completing the close handshake.\n   at System.Net.WebSockets.ManagedWebSocket.ThrowEOFUnexpected()\n   at System.Net.WebSockets.ManagedWebSocket.EnsureBufferContainsAsync(Int32 minimumRequiredBytes, CancellationToken cancellationToken)\n   at System.Runtime.CompilerServices.PoolingAsyncValueTaskMethodBuilder`1.StateMachineBox`1.System.Threading.Tasks.Sources.IValueTaskSource.GetResult(Int16 token)\n   at System.Net.WebSockets.ManagedWebSocket.ReceiveAsyncPrivate[TResult](Memory`1 payloadBuffer, CancellationToken cancellationToken)\n   at System.Runtime.CompilerServices.PoolingAsyncValueTaskMethodBuilder`1.StateMachineBox`1.System.Threading.Tasks.Sources.IValueTaskSource<TResult>.GetResult(Int16 token)\n   at System.Net.WebSockets.ManagedWebSocket.CloseAsyncPrivate(WebSocketCloseStatus closeStatus, String statusDescription, CancellationToken cancellationToken)\n   at Seq.Server.Web.Sockets.WebSocketHandler.AcceptWebSocket(HttpContext ctx, Func`3 handler)\n   at Seq.Server.Web.Api.EventsController.ScanGet()\n   at Microsoft.AspNetCore.Mvc.Infrastructure.ActionMethodExecutor.TaskResultExecutor.Execute(ActionContext actionContext, IActionResultTypeMapper mapper, ObjectMethodExecutor executor, Object controller, Object[] arguments)\n   at Microsoft.AspNetCore.Mvc.Infrastructure.ControllerActionInvoker.<InvokeActionMethodAsync>g__Logged|12_1(ControllerActionInvoker invoker)\n   at Microsoft.AspNetCore.Mvc.Infrastructure.ControllerActionInvoker.<InvokeNextActionFilterAsync>g__Awaited|10_0(ControllerActionInvoker invoker, Task lastTask, State next, Scope scope, Object state, Boolean isCompleted)\n   at Microsoft.AspNetCore.Mvc.Infrastructure.ControllerActionInvoker.Rethrow(ActionExecutedContextSealed context)\n   at Microsoft.AspNetCore.Mvc.Infrastructure.ControllerActionInvoker.Next(State& next, Scope& scope, Object& state, Boolean& isCompleted)\n   at Microsoft.AspNetCore.Mvc.Infrastructure.ControllerActionInvoker.<InvokeInnerFilterAsync>g__Awaited|13_0(ControllerActionInvoker invoker, Task lastTask, State next, Scope scope, Object state, Boolean isCompleted)\n   at Microsoft.AspNetCore.Mvc.Infrastructure.ResourceInvoker.<InvokeNextResourceFilter>g__Awaited|25_0(ResourceInvoker invoker, Task lastTask, State next, Scope scope, Object state, Boolean isCompleted)\n   at Microsoft.AspNetCore.Mvc.Infrastructure.ResourceInvoker.Rethrow(ResourceExecutedContextSealed context)\n   at Microsoft.AspNetCore.Mvc.Infrastructure.ResourceInvoker.Next(State& next, Scope& scope, Object& state, Boolean& isCompleted)\n   at Microsoft.AspNetCore.Mvc.Infrastructure.ResourceInvoker.<InvokeFilterPipelineAsync>g__Awaited|20_0(ResourceInvoker invoker, Task lastTask, State next, Scope scope, Object state, Boolean isCompleted)\n   at Microsoft.AspNetCore.Mvc.Infrastructure.ResourceInvoker.<InvokeAsync>g__Logged|17_1(ResourceInvoker invoker)\n   at Microsoft.AspNetCore.Mvc.Infrastructure.ResourceInvoker.<InvokeAsync>g__Logged|17_1(ResourceInvoker invoker)\n   at Microsoft.AspNetCore.RateLimiting.RateLimitingMiddleware.InvokeInternal(HttpContext context, EnableRateLimitingAttribute enableRateLimitingAttribute)\n   at Seq.Server.Web.Middleware.RequestAuthenticationMiddleware.Invoke(HttpContext httpContext)\n   at Microsoft.AspNetCore.Authentication.AuthenticationMiddleware.Invoke(HttpContext context)\n   at Seq.Server.Web.Middleware.ServerStatusMiddleware.Invoke(HttpContext context)\n   at Seq.Server.Web.Middleware.UniversalHeadersMiddleware.Invoke(HttpContext context)\n   at Seq.Server.Web.Middleware.UnhandledExceptionLoggingMiddleware.Invoke(HttpContext httpContext)","RequestMethod":"GET","RequestPath":"/api/events/scan","StatusCode":500,"Elapsed":61.3514,"ErrorToken":"d6642e070b8342a49ce5303a6f8cb7e5","RequestProtocol":"HTTP/1.1","RequestHost":"localhost:8081","RequestHeaders":{"User-Agent":"Mozilla/5.0 (Windows NT 10.0; Win64; x64) AppleWebKit/537.36 (KHTML, like Gecko) Chrome/150.0.0.0 Safari/537.36 Edg/150.0.0.0"},"SourceContext":"Seq.Server.Web.Middleware.UnhandledExceptionLoggingMiddleware","RequestId":"0HNN6G8ORJUMB:00000001","ConnectionId":"0HNN6G8ORJUMB"}
{"@t":"2026-07-20T17:16:17.4663588Z","@sp":"1b190f59693d4b08","@tr":"c7ce3c57aa4cad72b6043d84334d9e1d","@mt":"Wrote {IndexSetCount} index sets","IndexSetCount":0,"SourceContext":"Seq.Server.Features.Indexing.EventStoreIndexer"}
{"@t":"2026-07-20T17:16:17.4669344Z","@sp":"1b190f59693d4b08","@tr":"c7ce3c57aa4cad72b6043d84334d9e1d","@mt":"Indexing with {Allocated:0.000} ms allowance","@r":["600000.000"],"Allocated":600000,"@st":"2026-07-20T17:16:17.4535728Z","SourceContext":"Seq.Server.Features.Indexing.EventStoreIndexer"}
{"@t":"2026-07-20T17:17:17.4629446Z","@sp":"856eace85d7af2e7","@tr":"8850ad2bf20703edb691af467107bbbc","@mt":"Wrote {IndexSetCount} index sets","IndexSetCount":0,"SourceContext":"Seq.Server.Features.Indexing.EventStoreIndexer"}
{"@t":"2026-07-20T17:17:17.4647701Z","@sp":"856eace85d7af2e7","@tr":"8850ad2bf20703edb691af467107bbbc","@mt":"Indexing with {Allocated:0.000} ms allowance","@r":["600000.000"],"Allocated":600000,"@st":"2026-07-20T17:17:17.4533014Z","SourceContext":"Seq.Server.Features.Indexing.EventStoreIndexer"}
{"@t":"2026-07-20T17:18:17.4654610Z","@sp":"4df53609b22a239f","@tr":"e0dd16b43e52fb8e5ce59a42877e2a8c","@mt":"Wrote {IndexSetCount} index sets","IndexSetCount":0,"SourceContext":"Seq.Server.Features.Indexing.EventStoreIndexer"}
{"@t":"2026-07-20T17:18:17.4660801Z","@sp":"4df53609b22a239f","@tr":"e0dd16b43e52fb8e5ce59a42877e2a8c","@mt":"Indexing with {Allocated:0.000} ms allowance","@r":["600000.000"],"Allocated":600000,"@st":"2026-07-20T17:18:17.4555716Z","SourceContext":"Seq.Server.Features.Indexing.EventStoreIndexer"}
{"@t":"2026-07-20T17:19:17.4708786Z","@sp":"03ce5ee3532c4a84","@tr":"836cad473c387342663c1dfd330fb66c","@mt":"Wrote {IndexSetCount} index sets","IndexSetCount":0,"SourceContext":"Seq.Server.Features.Indexing.EventStoreIndexer"}
{"@t":"2026-07-20T17:19:17.4785475Z","@sp":"03ce5ee3532c4a84","@tr":"836cad473c387342663c1dfd330fb66c","@mt":"Indexing with {Allocated:0.000} ms allowance","@r":["600000.000"],"Allocated":600000,"@st":"2026-07-20T17:19:17.4576125Z","SourceContext":"Seq.Server.Features.Indexing.EventStoreIndexer"}
{"@t":"2026-07-20T17:20:17.4674401Z","@sp":"e7b8e5001cb29253","@tr":"325c1d6bf8dd00b09d3d397a40dc5898","@mt":"Wrote {IndexSetCount} index sets","IndexSetCount":0,"SourceContext":"Seq.Server.Features.Indexing.EventStoreIndexer"}
{"@t":"2026-07-20T17:20:17.4687877Z","@sp":"e7b8e5001cb29253","@tr":"325c1d6bf8dd00b09d3d397a40dc5898","@mt":"Indexing with {Allocated:0.000} ms allowance","@r":["600000.000"],"Allocated":600000,"@st":"2026-07-20T17:20:17.4573936Z","SourceContext":"Seq.Server.Features.Indexing.EventStoreIndexer"}
{"@t":"2026-07-20T17:21:17.4709471Z","@sp":"513e8fc2669f0120","@tr":"5d6e8dcdab524b0203e892efaa69d9a2","@mt":"Wrote {IndexSetCount} index sets","IndexSetCount":0,"SourceContext":"Seq.Server.Features.Indexing.EventStoreIndexer"}
{"@t":"2026-07-20T17:21:17.4716518Z","@sp":"513e8fc2669f0120","@tr":"5d6e8dcdab524b0203e892efaa69d9a2","@mt":"Indexing with {Allocated:0.000} ms allowance","@r":["600000.000"],"Allocated":600000,"@st":"2026-07-20T17:21:17.4585918Z","SourceContext":"Seq.Server.Features.Indexing.EventStoreIndexer"}
{"@t":"2026-07-20T17:21:48.9007020Z","@mt":"Termination signal received"}
{"@t":"2026-07-20T17:21:48.9036108Z","@mt":"Stopping {Tasks} scheduled leader tasks","Tasks":18,"SourceContext":"Seq.Server.Tasks.TaskRunner"}
{"@t":"2026-07-20T17:21:48.9062879Z","@mt":"Stopping input channel","SourceContext":"Seq.Server.Features.Apps.Inputs.InputChannel"}
{"@t":"2026-07-20T17:21:48.9546180Z","@mt":"Shutting down input channel; {AcceptedCount} queued events will be written","AcceptedCount":0,"SourceContext":"Seq.Server.Features.Apps.Inputs.InputChannel"}
{"@t":"2026-07-20T17:21:48.9573343Z","@mt":"Stopping broadcast channel","SourceContext":"Seq.Engine.Broadcast.BroadcastChannel"}
